2025-02-27 07:03:15,551 - QTvcp - DEBUG - DEBUGGING logging on
2025-02-27 07:03:15,607 - QTvcp.QTVCP.QT_ISTAT - DEBUG - Machine is METRIC based. unit Conversion constant=0.03937007874015748
2025-02-27 07:03:15,607 - QTvcp.QTVCP.QT_ISTAT - DEBUG - TRAJ COORDINATES: XYZ
2025-02-27 07:03:15,608 - QTvcp.QTVCP.QT_ISTAT - DEBUG - DEFAULT_LINEAR_VELOCITY = 3000.0
2025-02-27 07:03:15,608 - QTvcp.QTVCP.QT_ISTAT - DEBUG - MIN_LINEAR_VELOCITY = 0.0
2025-02-27 07:03:15,608 - QTvcp.QTVCP.QT_ISTAT - DEBUG - MAX_LINEAR_VELOCITY = 3600.0
2025-02-27 07:03:16,033 - QTvcp.QTVCP.QT_PSTAT - DEBUG - Passed name=qtdragon_hd, BASENAME=qtdragon_hd BASEPATH=qtdragon_hd
2025-02-27 07:03:16,033 - QTvcp.QTVCP.QT_PSTAT - DEBUG - Checking for handler file in: /usr/share/doc/linuxcnc/examples/sample-configs/sim/qtdragon_hd/qtdragon_hd_xyz/qtdragon_hd_handler.py
2025-02-27 07:03:16,033 - QTvcp.QTVCP.QT_PSTAT - DEBUG - Checking for handler file in: /usr/share/doc/linuxcnc/examples/sample-configs/sim/qtdragon_hd/qtdragon_hd_xyz/qtvcp/screens/qtdragon_hd/qtdragon_hd_handler.py
2025-02-27 07:03:16,033 - QTvcp.QTVCP.QT_PSTAT - DEBUG - Checking for handler file in: /usr/share/doc/linuxcnc/examples/sample-configs/sim/qtdragon_hd/qtdragon_hd_xyz/qtdragon_hd/qtdragon_hd_handler.py
2025-02-27 07:03:16,033 - QTvcp.QTVCP.QT_PSTAT - DEBUG - Checking for default handler file in: /usr/share/qtvcp/screens/qtdragon_hd/qtdragon_hd_handler.py
2025-02-27 07:03:16,034 - QTvcp.QTVCP.QT_PSTAT - INFO - Using DEFAULT handler file path: /usr/share/qtvcp/screens/qtdragon_hd/qtdragon_hd_handler.py
2025-02-27 07:03:16,034 - QTvcp.QTVCP.QT_PSTAT - DEBUG - Checking for .ui in: /usr/share/doc/linuxcnc/examples/sample-configs/sim/qtdragon_hd/qtdragon_hd_xyz/qtdragon_hd.ui
2025-02-27 07:03:16,034 - QTvcp.QTVCP.QT_PSTAT - DEBUG - Checking for .ui in: /usr/share/doc/linuxcnc/examples/sample-configs/sim/qtdragon_hd/qtdragon_hd_xyz/qtvcp/screens/qtdragon_hd/qtdragon_hd.ui
2025-02-27 07:03:16,034 - QTvcp.QTVCP.QT_PSTAT - DEBUG - Checking for .ui in: /usr/share/doc/linuxcnc/examples/sample-configs/sim/qtdragon_hd/qtdragon_hd_xyz/qtdragon_hd/qtdragon_hd.ui
2025-02-27 07:03:16,034 - QTvcp.QTVCP.QT_PSTAT - DEBUG - Checking for .ui in: /usr/share/qtvcp/screens/qtdragon_hd/qtdragon_hd.ui
2025-02-27 07:03:16,034 - QTvcp.QTVCP.QT_PSTAT - INFO - Using DEFAULT ui file from: /usr/share/qtvcp/screens/qtdragon_hd/qtdragon_hd.ui
2025-02-27 07:03:16,034 - QTvcp.QTVCP.QT_PSTAT - DEBUG - Checking for .qss in: /usr/share/doc/linuxcnc/examples/sample-configs/sim/qtdragon_hd/qtdragon_hd_xyz/qtdragon_hd.qss
2025-02-27 07:03:16,034 - QTvcp.QTVCP.QT_PSTAT - DEBUG - Checking for .qss in: /usr/share/doc/linuxcnc/examples/sample-configs/sim/qtdragon_hd/qtdragon_hd_xyz/qtvcp/screens/qtdragon_hd/qtdragon_hd.qss
2025-02-27 07:03:16,034 - QTvcp.QTVCP.QT_PSTAT - DEBUG - Checking for .qss in: /usr/share/doc/linuxcnc/examples/sample-configs/sim/qtdragon_hd/qtdragon_hd_xyz/qtdragon_hd/qtdragon_hd.qss
2025-02-27 07:03:16,035 - QTvcp.QTVCP.QT_PSTAT - DEBUG - Checking for .qss in: /usr/share/qtvcp/screens/qtdragon_hd/qtdragon_hd.qss
2025-02-27 07:03:16,035 - QTvcp.QTVCP.QT_PSTAT - DEBUG - Using DEFAULT qss file from: /usr/share/qtvcp/screens/qtdragon_hd/qtdragon_hd.qss
2025-02-27 07:03:16,035 - QTvcp.QTVCP.QT_PSTAT - DEBUG - Checking for .qrc in: /usr/share/doc/linuxcnc/examples/sample-configs/sim/qtdragon_hd/qtdragon_hd_xyz/qtdragon_hd.qrc
2025-02-27 07:03:16,035 - QTvcp.QTVCP.QT_PSTAT - DEBUG - Checking for .qrc in: /usr/share/doc/linuxcnc/examples/sample-configs/sim/qtdragon_hd/qtdragon_hd_xyz/qtvcp/screens/qtdragon_hd/qtdragon_hd.qrc
2025-02-27 07:03:16,035 - QTvcp.QTVCP.QT_PSTAT - DEBUG - Checking for .qrc in: /usr/share/doc/linuxcnc/examples/sample-configs/sim/qtdragon_hd/qtdragon_hd_xyz/qtdragon_hd/qtdragon_hd.qrc
2025-02-27 07:03:16,035 - QTvcp.QTVCP.QT_PSTAT - DEBUG - Checking for .qrc in: /usr/share/qtvcp/screens/qtdragon_hd/qtdragon_hd.qrc
2025-02-27 07:03:16,035 - QTvcp.QTVCP.QT_PSTAT - DEBUG - Using DEFAULT qrc file from: /usr/share/qtvcp/screens/qtdragon_hd/qtdragon_hd.qrc
2025-02-27 07:03:16,035 - QTvcp.QTVCP.QT_PSTAT - DEBUG - Checking for resources.py in: /usr/share/doc/linuxcnc/examples/sample-configs/sim/qtdragon_hd/qtdragon_hd_xyz/qtvcp/screens/qtdragon_hd/resources.py
2025-02-27 07:03:16,036 - QTvcp.QTVCP.QT_PSTAT - INFO - Resources.py file needs to be compiled at: /usr/share/doc/linuxcnc/examples/sample-configs/sim/qtdragon_hd/qtdragon_hd_xyz/qtvcp/screens/qtdragon_hd/resources.py
2025-02-27 07:03:16,038 - QTvcp.QTVCP.QT_PSTAT - DEBUG - Checking for translation file in: /usr/share/doc/linuxcnc/examples/sample-configs/sim/qtdragon_hd/qtdragon_hd_xyz/qtvcp/screens/qtdragon_hd/qtdragon_hd.qrc
2025-02-27 07:03:16,038 - QTvcp.QTVCP.QT_PSTAT - DEBUG - Checking for translation file in: /usr/share/doc/linuxcnc/examples/sample-configs/sim/qtdragon_hd/qtdragon_hd_xyz/qtdragon_hd/languages/qtdragon_hd_en.qm
2025-02-27 07:03:16,038 - QTvcp.QTVCP.QT_PSTAT - DEBUG - Checking for translation file in: /usr/share/qtvcp/screens/qtdragon_hd/languages/qtdragon_hd_en.qm
2025-02-27 07:03:16,038 - QTvcp.QTVCP.QT_PSTAT - INFO - Using no translations, default system locale is: en
2025-02-27 07:03:16,038 - QTvcp.QTVCP.QT_PSTAT - DEBUG - Checking for LOCAL about file in: /usr/share/doc/linuxcnc/examples/sample-configs/sim/qtdragon_hd/qtdragon_hd_xyz/qtdragon_hd_ABOUT
2025-02-27 07:03:16,038 - QTvcp.QTVCP.QT_PSTAT - DEBUG - Checking for LOCAL about file in: /usr/share/doc/linuxcnc/examples/sample-configs/sim/qtdragon_hd/qtdragon_hd_xyz/qtvcp/screens/qtdragon_hd/qtdragon_hd_ABOUT
2025-02-27 07:03:16,038 - QTvcp.QTVCP.QT_PSTAT - DEBUG - Checking for DEFAULT about file in: /usr/share/qtvcp/screens/qtdragon_hd/qtdragon_hd_ABOUT
2025-02-27 07:03:16,038 - QTvcp.QTVCP.QT_PSTAT - DEBUG - Using DEFAULT about file path: /usr/share/qtvcp/screens/qtdragon_hd/qtdragon_hd_ABOUT
2025-02-27 07:03:16,038 - QTvcp - INFO - Building A LinuxCNC Main Screen with: Python 3
2025-02-27 07:03:16,039 - QTvcp - INFO - No handler file specified on command line.
2025-02-27 07:03:16,039 - QTvcp - INFO - No HAL component base name specified on command line using: qtdragon_hd
2025-02-27 07:03:16,045 - QTvcp.QTVCP.QT_MAKEGUI - INFO - Qsettings file path: /home/burketruck/.config/QtVcp/qtdragon_hd.conf
2025-02-27 07:03:16,046 - QTvcp - DEBUG - Loading the handler file.
2025-02-27 07:03:16,046 - QTvcp.QTVCP.QT_MAKEGUI - DEBUG - Adding import dir: /usr/share/qtvcp/screens/qtdragon_hd
2025-02-27 07:03:16,200 - QTvcp.QTVCP.QT_MAKEGUI - DEBUG - Module 'qtdragon_hd_handler' imported OK
2025-02-27 07:03:16,201 - QTvcp.QTVCP.QT_MAKEGUI - DEBUG - Module 'qtdragon_hd_handler' : 'get_handlers' function found.
2025-02-27 07:03:16,210 - QTvcp.QTVCP.QT_MAKEGUI - DEBUG - Registering handlers in module qtdragon_hd_handler object <qtdragon_hd_handler.HandlerClass object at 0x7feb747148d0>
2025-02-27 07:03:16,211 - QTvcp - DEBUG - Adding the key events filter.
2025-02-27 07:03:16,211 - QTvcp.QTVCP.QT_MAKEGUI - INFO - Compiling qrc: /usr/share/qtvcp/screens/qtdragon_hd/qtdragon_hd.qrc to 
 /usr/share/doc/linuxcnc/examples/sample-configs/sim/qtdragon_hd/qtdragon_hd_xyz/qtvcp/screens/qtdragon_hd/resources.py
2025-02-27 07:03:16,530 - QTvcp.QTVCP.QT_MAKEGUI - INFO - Imported resources.py filed: /usr/share/doc/linuxcnc/examples/sample-configs/sim/qtdragon_hd/qtdragon_hd_xyz/qtvcp/screens/qtdragon_hd/resources.py
2025-02-27 07:03:18,334 - QTvcp.QTVCP.QT_MAKEPINS - INFO - Changed HAL Component basename to qtdragon, as specified in screenOptions: 
2025-02-27 07:03:18,334 - QTvcp.QTVCP.WIDGETS.SCREEN_OPTIONS - DEBUG - Preference File Path: /usr/share/doc/linuxcnc/examples/sample-configs/sim/qtdragon_hd/qtdragon_hd_xyz/qtdragon_hd.pref
2025-02-27 07:03:18,335 - QTvcp.QTVCP.QT_MAKEPINS - DEBUG - QTVCP: Parsing for HAL widgets.
2025-02-27 07:03:18,641 - QTvcp.QTVCP.WIDGETS.FILE_MANAGER - DEBUG - lAST FILE PATH: /home/burketruck/linuxcnc/nc_files/examples
2025-02-27 07:03:18,642 - QTvcp.QTVCP.WIDGETS.FILE_MANAGER - DEBUG - lAST FILE PATH: /home/burketruck/linuxcnc/nc_files/examples
2025-02-27 07:03:18,651 - QTvcp.QTVCP.WIDGETS.DRO_WIDGET - DEBUG - axis number 3 not found in available-axis to joint conversion dict {0: 0, 1: 1, 2: 2} of widget: dro_axis_4
2025-02-27 07:03:18,651 - QTvcp.QTVCP.WIDGETS.DRO_WIDGET - DEBUG - axis number 4 not found in available-axis to joint conversion dict {0: 0, 1: 1, 2: 2} of widget: dro_axis_5
2025-02-27 07:03:18,658 - QTvcp.QTVCP.WIDGETS.JOG_INCREMENTS - DEBUG - Linear Current index: 0 Increment: 0 , selection changed Continuous
2025-02-27 07:03:18,658 - QTvcp.QTVCP.WIDGETS.JOG_INCREMENTS - DEBUG - Angular Current index: 0 Increment: 0 , selection changed Continuous
2025-02-27 07:03:18,659 - QTvcp - DEBUG - Calling the handler file's initialized__ function
2025-02-27 07:03:18,960 - QTvcp.QTDRAGON_HD_HANDLER - INFO - Using Basic Probe
2025-02-27 07:03:19,251 - QTvcp.QTDRAGON_HD_HANDLER - INFO - Using NGCGUI utility
2025-02-27 07:03:19,252 - QTvcp.QTVCP.LIB.QT_NGCGUI.NGCGUI - DEBUG - UI Filename: /usr/lib/python3/dist-packages/qtvcp/lib/qt_ngcgui/ngcgui.ui
2025-02-27 07:03:19,266 - QTvcp.QTVCP.LIB.QT_NGCGUI.NGCGUI - DEBUG - Path to NGCGUI files:/usr/share/doc/linuxcnc/examples/sample-configs/nc_files/ngcgui_lib
2025-02-27 07:03:19,267 - QTvcp.QTVCP.LIB.QT_NGCGUI.NGCGUI - DEBUG - Found the following ngc_sub: ['slot.ngc', 'qpocket.ngc']
2025-02-27 07:03:19,267 - QTvcp.QTVCP.LIB.QT_NGCGUI.NGCGUI - DEBUG - Adding NGCGUI:/usr/share/doc/linuxcnc/examples/sample-configs/nc_files/ngcgui_lib/slot.ngc
2025-02-27 07:03:19,287 - QTvcp.QTVCP.LIB.QT_NGCGUI.NGCGUI - DEBUG - Adding NGCGUI:/usr/share/doc/linuxcnc/examples/sample-configs/nc_files/ngcgui_lib/qpocket.ngc
2025-02-27 07:03:19,353 - QTvcp.QTVCP.QT_MAKEGUI - INFO - No Handler Override file at: /usr/share/doc/linuxcnc/examples/sample-configs/sim/qtdragon_hd/qtdragon_hd_xyz/.qtdragon_hdrc
2025-02-27 07:03:19,375 - QTvcp - DEBUG - Set HAL ready.
2025-02-27 07:03:19,597 - QTvcp - DEBUG - Show window.
2025-02-27 07:03:19,597 - QTvcp.QTVCP.QT_MAKEPINS - DEBUG - Calculating geometry of main window using natural placement: 
2025-02-27 07:03:19,889 - QTvcp - INFO - Postgui filename: ['qtdragon_hd_postgui.hal']
2025-02-27 07:03:20,063 - QTvcp - INFO - Postgui commands: None
2025-02-27 07:03:20,066 - QTvcp - INFO - Preference path: /usr/share/doc/linuxcnc/examples/sample-configs/sim/qtdragon_hd/qtdragon_hd_xyz/qtdragon_hd.pref
2025-02-27 07:04:59,235 - QTvcp.QTVCP.WIDGETS.GCODE_EDITOR - ERROR - load_text(): [Errno 2] No such file or directory: 'mdi_history.dat'
2025-02-27 07:05:06,201 - QTvcp.QTVCP.WIDGETS.GCODE_EDITOR - ERROR - load_text(): [Errno 2] No such file or directory: 'mdi_history.dat'
2025-02-27 07:05:28,170 - QTvcp.QTVCP.WIDGETS.DIALOG_WIDGET - DEBUG - Button pressed is: &No
2025-02-27 07:05:28,170 - QTvcp.QTVCP.WIDGETS.DIALOGMIXIN - DEBUG - Saving LncMessage-geometry data from widget  to file.
2025-02-27 07:05:28,314 - QTvcp.QTVCP.WIDGETS.DIALOG_WIDGET - DEBUG - Value of pressed button: 65536
2025-02-27 07:06:25,066 - QTvcp.QTVCP.WIDGETS.DIALOG_WIDGET - DEBUG - Button pressed is: &Yes
2025-02-27 07:06:25,066 - QTvcp.QTVCP.WIDGETS.DIALOGMIXIN - DEBUG - Saving LncMessage-geometry data from widget  to file.
2025-02-27 07:06:25,209 - QTvcp.QTVCP.WIDGETS.DIALOG_WIDGET - DEBUG - Value of pressed button: 16384
2025-02-27 07:06:25,210 - QTvcp.QTVCP.QT_MAKEGUI - DEBUG - Calling handler file Closing_cleanup__ function of <qtvcp.qt_makegui.VCPWindow object at 0x7febac0ee9e0>.
2025-02-27 07:06:25,228 - QTvcp - DEBUG - Status shutdown
2025-02-27 07:06:25,229 - QTvcp.QTVCP.QT_MAKEGUI - DEBUG - Qsettings sync called:
2025-02-27 07:06:25,229 - QTvcp.QTVCP.QT_MAKEGUI - DEBUG - Calling handler file Closing_cleanup__ function of <qtvcp.qt_makegui.VCPWindow object at 0x7febac0ee9e0>.
2025-02-27 07:06:25,237 - QTvcp.QTVCP.QT_MAKEPINS - DEBUG - Saving Main Window geometry to preference file.
2025-02-27 07:06:25,237 - QTvcp.QTVCP.QT_MAKEPINS - DEBUG - Calling widget's _hal_cleanup functions.
2025-02-27 07:06:25,238 - QTvcp.QTVCP.WIDGETS.ORIGIN_OFFSETVIEW - DEBUG - Saving __dialogOffsetViewWidget data to file.
2025-02-27 07:06:25,241 - QTvcp.QTVCP.WIDGETS.ORIGIN_OFFSETVIEW - DEBUG - Saving __dialogOffsetViewWidget data to file.
2025-02-27 07:06:25,243 - QTvcp.QTVCP.WIDGETS.ORIGIN_OFFSETVIEW - DEBUG - Saving __dialogOffsetViewWidget data to file.
2025-02-27 07:06:25,251 - QTvcp.QTVCP.WIDGETS.ORIGIN_OFFSETVIEW - DEBUG - Saving offset_table data to file.
2025-02-27 07:06:25,259 - QTvcp.QTVCP.WIDGETS.GCODE_GRAPHICS - DEBUG - Saving gcodegraphics data to file.
2025-02-27 07:06:25,289 - QTvcp.QTVCP.WIDGETS.BASIC_PROBE - DEBUG - Saving Basic Probe data to preference file.
2025-02-27 07:06:25,294 - QTvcp - DEBUG - Exiting HAL
