2025-02-28 15:15:10,993 - QTvcp - DEBUG - DEBUGGING logging on
2025-02-28 15:15:11,049 - QTvcp.QTVCP.QT_ISTAT - DEBUG - Machine is METRIC based. unit Conversion constant=0.03937007874015748
2025-02-28 15:15:11,049 - QTvcp.QTVCP.QT_ISTAT - DEBUG - TRAJ COORDINATES: XYZ
2025-02-28 15:15:11,050 - QTvcp.QTVCP.QT_ISTAT - DEBUG - DEFAULT_LINEAR_VELOCITY = 1200.0
2025-02-28 15:15:11,050 - QTvcp.QTVCP.QT_ISTAT - DEBUG - MIN_LINEAR_VELOCITY = 0.0
2025-02-28 15:15:11,050 - QTvcp.QTVCP.QT_ISTAT - DEBUG - MAX_LINEAR_VELOCITY = 3000.0
2025-02-28 15:15:11,384 - QTvcp.QTVCP.QT_PSTAT - DEBUG - Passed name=qtdragon_hd, BASENAME=qtdragon_hd BASEPATH=qtdragon_hd
2025-02-28 15:15:11,384 - QTvcp.QTVCP.QT_PSTAT - DEBUG - Checking for handler file in: /home/burketruck/linuxcnc/configs/nyx_qtdragon_hd/qtdragon_hd_handler.py
2025-02-28 15:15:11,384 - QTvcp.QTVCP.QT_PSTAT - DEBUG - Checking for handler file in: /home/burketruck/linuxcnc/configs/nyx_qtdragon_hd/qtvcp/screens/qtdragon_hd/qtdragon_hd_handler.py
2025-02-28 15:15:11,384 - QTvcp.QTVCP.QT_PSTAT - DEBUG - Checking for handler file in: /home/burketruck/linuxcnc/configs/nyx_qtdragon_hd/qtdragon_hd/qtdragon_hd_handler.py
2025-02-28 15:15:11,384 - QTvcp.QTVCP.QT_PSTAT - DEBUG - Checking for default handler file in: /usr/share/qtvcp/screens/qtdragon_hd/qtdragon_hd_handler.py
2025-02-28 15:15:11,384 - QTvcp.QTVCP.QT_PSTAT - INFO - Using DEFAULT handler file path: /usr/share/qtvcp/screens/qtdragon_hd/qtdragon_hd_handler.py
2025-02-28 15:15:11,384 - QTvcp.QTVCP.QT_PSTAT - DEBUG - Checking for .ui in: /home/burketruck/linuxcnc/configs/nyx_qtdragon_hd/qtdragon_hd.ui
2025-02-28 15:15:11,385 - QTvcp.QTVCP.QT_PSTAT - DEBUG - Checking for .ui in: /home/burketruck/linuxcnc/configs/nyx_qtdragon_hd/qtvcp/screens/qtdragon_hd/qtdragon_hd.ui
2025-02-28 15:15:11,385 - QTvcp.QTVCP.QT_PSTAT - DEBUG - Checking for .ui in: /home/burketruck/linuxcnc/configs/nyx_qtdragon_hd/qtdragon_hd/qtdragon_hd.ui
2025-02-28 15:15:11,385 - QTvcp.QTVCP.QT_PSTAT - DEBUG - Checking for .ui in: /usr/share/qtvcp/screens/qtdragon_hd/qtdragon_hd.ui
2025-02-28 15:15:11,385 - QTvcp.QTVCP.QT_PSTAT - INFO - Using DEFAULT ui file from: /usr/share/qtvcp/screens/qtdragon_hd/qtdragon_hd.ui
2025-02-28 15:15:11,385 - QTvcp.QTVCP.QT_PSTAT - DEBUG - Checking for .qss in: /home/burketruck/linuxcnc/configs/nyx_qtdragon_hd/qtdragon_hd.qss
2025-02-28 15:15:11,385 - QTvcp.QTVCP.QT_PSTAT - DEBUG - Checking for .qss in: /home/burketruck/linuxcnc/configs/nyx_qtdragon_hd/qtvcp/screens/qtdragon_hd/qtdragon_hd.qss
2025-02-28 15:15:11,385 - QTvcp.QTVCP.QT_PSTAT - DEBUG - Checking for .qss in: /home/burketruck/linuxcnc/configs/nyx_qtdragon_hd/qtdragon_hd/qtdragon_hd.qss
2025-02-28 15:15:11,385 - QTvcp.QTVCP.QT_PSTAT - DEBUG - Checking for .qss in: /usr/share/qtvcp/screens/qtdragon_hd/qtdragon_hd.qss
2025-02-28 15:15:11,385 - QTvcp.QTVCP.QT_PSTAT - DEBUG - Using DEFAULT qss file from: /usr/share/qtvcp/screens/qtdragon_hd/qtdragon_hd.qss
2025-02-28 15:15:11,385 - QTvcp.QTVCP.QT_PSTAT - DEBUG - Checking for .qrc in: /home/burketruck/linuxcnc/configs/nyx_qtdragon_hd/qtdragon_hd.qrc
2025-02-28 15:15:11,386 - QTvcp.QTVCP.QT_PSTAT - DEBUG - Checking for .qrc in: /home/burketruck/linuxcnc/configs/nyx_qtdragon_hd/qtvcp/screens/qtdragon_hd/qtdragon_hd.qrc
2025-02-28 15:15:11,386 - QTvcp.QTVCP.QT_PSTAT - DEBUG - Checking for .qrc in: /home/burketruck/linuxcnc/configs/nyx_qtdragon_hd/qtdragon_hd/qtdragon_hd.qrc
2025-02-28 15:15:11,386 - QTvcp.QTVCP.QT_PSTAT - DEBUG - Checking for .qrc in: /usr/share/qtvcp/screens/qtdragon_hd/qtdragon_hd.qrc
2025-02-28 15:15:11,386 - QTvcp.QTVCP.QT_PSTAT - DEBUG - Using DEFAULT qrc file from: /usr/share/qtvcp/screens/qtdragon_hd/qtdragon_hd.qrc
2025-02-28 15:15:11,386 - QTvcp.QTVCP.QT_PSTAT - DEBUG - Checking for resources.py in: /home/burketruck/linuxcnc/configs/nyx_qtdragon_hd/qtvcp/screens/qtdragon_hd/resources.py
2025-02-28 15:15:11,386 - QTvcp.QTVCP.QT_PSTAT - INFO - Using LOCAL resources.py file from: /home/burketruck/linuxcnc/configs/nyx_qtdragon_hd/qtvcp/screens/qtdragon_hd/resources.py
2025-02-28 15:15:11,387 - QTvcp.QTVCP.QT_PSTAT - DEBUG - Checking for translation file in: /home/burketruck/linuxcnc/configs/nyx_qtdragon_hd/qtvcp/screens/qtdragon_hd/qtdragon_hd.qrc
2025-02-28 15:15:11,387 - QTvcp.QTVCP.QT_PSTAT - DEBUG - Checking for translation file in: /home/burketruck/linuxcnc/configs/nyx_qtdragon_hd/qtdragon_hd/languages/qtdragon_hd_en.qm
2025-02-28 15:15:11,387 - QTvcp.QTVCP.QT_PSTAT - DEBUG - Checking for translation file in: /usr/share/qtvcp/screens/qtdragon_hd/languages/qtdragon_hd_en.qm
2025-02-28 15:15:11,387 - QTvcp.QTVCP.QT_PSTAT - INFO - Using no translations, default system locale is: en
2025-02-28 15:15:11,387 - QTvcp.QTVCP.QT_PSTAT - DEBUG - Checking for LOCAL about file in: /home/burketruck/linuxcnc/configs/nyx_qtdragon_hd/qtdragon_hd_ABOUT
2025-02-28 15:15:11,387 - QTvcp.QTVCP.QT_PSTAT - DEBUG - Checking for LOCAL about file in: /home/burketruck/linuxcnc/configs/nyx_qtdragon_hd/qtvcp/screens/qtdragon_hd/qtdragon_hd_ABOUT
2025-02-28 15:15:11,387 - QTvcp.QTVCP.QT_PSTAT - DEBUG - Checking for DEFAULT about file in: /usr/share/qtvcp/screens/qtdragon_hd/qtdragon_hd_ABOUT
2025-02-28 15:15:11,387 - QTvcp.QTVCP.QT_PSTAT - DEBUG - Using DEFAULT about file path: /usr/share/qtvcp/screens/qtdragon_hd/qtdragon_hd_ABOUT
2025-02-28 15:15:11,388 - QTvcp - INFO - Building A LinuxCNC Main Screen with: Python 3
2025-02-28 15:15:11,388 - QTvcp - INFO - No handler file specified on command line.
2025-02-28 15:15:11,388 - QTvcp - INFO - No HAL component base name specified on command line using: qtdragon_hd
2025-02-28 15:15:11,389 - QTvcp.QTVCP.QT_MAKEGUI - INFO - Qsettings file path: /home/burketruck/.config/QtVcp/qtdragon_hd.conf
2025-02-28 15:15:11,389 - QTvcp - DEBUG - Loading the handler file.
2025-02-28 15:15:11,389 - QTvcp.QTVCP.QT_MAKEGUI - DEBUG - Adding import dir: /usr/share/qtvcp/screens/qtdragon_hd
2025-02-28 15:15:11,477 - QTvcp.QTVCP.QT_MAKEGUI - DEBUG - Module 'qtdragon_hd_handler' imported OK
2025-02-28 15:15:11,477 - QTvcp.QTVCP.QT_MAKEGUI - DEBUG - Module 'qtdragon_hd_handler' : 'get_handlers' function found.
2025-02-28 15:15:11,486 - QTvcp.QTVCP.QT_MAKEGUI - DEBUG - Registering handlers in module qtdragon_hd_handler object <qtdragon_hd_handler.HandlerClass object at 0x7fd26707a650>
2025-02-28 15:15:11,487 - QTvcp - DEBUG - Adding the key events filter.
2025-02-28 15:15:11,489 - QTvcp.QTVCP.QT_MAKEGUI - INFO - Imported resources.py filed: /home/burketruck/linuxcnc/configs/nyx_qtdragon_hd/qtvcp/screens/qtdragon_hd/resources.py
2025-02-28 15:15:13,013 - QTvcp.QTVCP.QT_MAKEPINS - INFO - Changed HAL Component basename to qtdragon, as specified in screenOptions: 
2025-02-28 15:15:13,014 - QTvcp.QTVCP.WIDGETS.SCREEN_OPTIONS - DEBUG - Preference File Path: ~/linuxcnc/configs/nyx_qtdragon_hd/qtdragon_hd.pref
2025-02-28 15:15:13,015 - QTvcp.QTVCP.QT_MAKEPINS - DEBUG - QTVCP: Parsing for HAL widgets.
2025-02-28 15:15:13,294 - QTvcp.QTVCP.WIDGETS.FILE_MANAGER - DEBUG - lAST FILE PATH: /home/burketruck/linuxcnc/configs/nyx_qtdragon_hd/subs
2025-02-28 15:15:13,295 - QTvcp.QTVCP.WIDGETS.FILE_MANAGER - DEBUG - lAST FILE PATH: /home/burketruck/linuxcnc/configs/nyx_qtdragon_hd/subs
2025-02-28 15:15:13,303 - QTvcp.QTVCP.WIDGETS.DRO_WIDGET - DEBUG - axis number 3 not found in available-axis to joint conversion dict {0: 0, 1: 1, 2: 2} of widget: dro_axis_4
2025-02-28 15:15:13,303 - QTvcp.QTVCP.WIDGETS.DRO_WIDGET - DEBUG - axis number 4 not found in available-axis to joint conversion dict {0: 0, 1: 1, 2: 2} of widget: dro_axis_5
2025-02-28 15:15:13,309 - QTvcp.QTVCP.WIDGETS.JOG_INCREMENTS - DEBUG - Linear Current index: 0 Increment: 0 , selection changed Continuous
2025-02-28 15:15:13,309 - QTvcp.QTVCP.WIDGETS.JOG_INCREMENTS - DEBUG - Angular Current index: 0 Increment: 0 , selection changed Continuous
2025-02-28 15:15:13,310 - QTvcp - DEBUG - Calling the handler file's initialized__ function
2025-02-28 15:15:13,412 - QTvcp.QTDRAGON_HD_HANDLER - INFO - Using Basic Probe
2025-02-28 15:15:13,682 - QTvcp.QTDRAGON_HD_HANDLER - INFO - Using NGCGUI utility
2025-02-28 15:15:13,683 - QTvcp.QTVCP.LIB.QT_NGCGUI.NGCGUI - DEBUG - UI Filename: /usr/lib/python3/dist-packages/qtvcp/lib/qt_ngcgui/ngcgui.ui
2025-02-28 15:15:13,697 - QTvcp.QTVCP.LIB.QT_NGCGUI.NGCGUI - DEBUG - Path to NGCGUI files:/home/burketruck/linuxcnc/nc_files/ngcgui_lib
2025-02-28 15:15:13,698 - QTvcp.QTVCP.LIB.QT_NGCGUI.NGCGUI - DEBUG - Found the following ngc_sub: ['slot.ngc', 'qpocket.ngc']
2025-02-28 15:15:13,698 - QTvcp.QTVCP.LIB.QT_NGCGUI.NGCGUI - DEBUG - Adding NGCGUI:/home/burketruck/linuxcnc/nc_files/ngcgui_lib/slot.ngc
2025-02-28 15:15:13,718 - QTvcp.QTVCP.LIB.QT_NGCGUI.NGCGUI - DEBUG - Adding NGCGUI:/home/burketruck/linuxcnc/nc_files/ngcgui_lib/qpocket.ngc
2025-02-28 15:15:13,785 - QTvcp.QTVCP.QT_MAKEGUI - INFO - No Handler Override file at: /home/burketruck/linuxcnc/configs/nyx_qtdragon_hd/.qtdragon_hdrc
2025-02-28 15:15:13,831 - QTvcp - DEBUG - Set HAL ready.
2025-02-28 15:15:14,063 - QTvcp - DEBUG - Show window.
2025-02-28 15:15:14,063 - QTvcp.QTVCP.QT_MAKEPINS - DEBUG - Calculating geometry of main window using natural placement: 0 27 1920 1080
2025-02-28 15:15:14,355 - QTvcp - INFO - Postgui filename: ['qtdragon_hd_postgui.hal']
2025-02-28 15:15:14,706 - QTvcp - INFO - Postgui commands: None
2025-02-28 15:15:14,708 - QTvcp - INFO - Preference path: ~/linuxcnc/configs/nyx_qtdragon_hd/qtdragon_hd.pref
2025-02-28 15:17:20,927 - QTvcp.QTVCP.LIB.KEYBINDINGS - DEBUG - Exception in KEYBINDING: no function name conversion for QT Event: 'Key_CapsLock'
2025-02-28 15:17:40,609 - QTvcp.QTVCP.LIB.KEYBINDINGS - DEBUG - Exception in KEYBINDING: no function name conversion for QT Event: 'Key_CapsLock'
2025-02-28 15:17:41,124 - QTvcp.QTVCP.LIB.KEYBINDINGS - DEBUG - Exception in KEYBINDING: no function name conversion for QT Event: 'Key_CapsLock'
2025-02-28 15:17:41,820 - QTvcp.QTVCP.LIB.KEYBINDINGS - DEBUG - Exception in KEYBINDING: no function name conversion for QT Event: 'Key_CapsLock'
2025-02-28 15:17:42,223 - QTvcp.QTVCP.LIB.KEYBINDINGS - DEBUG - Exception in KEYBINDING: no function name conversion for QT Event: 'Key_CapsLock'
2025-02-28 15:19:10,544 - QTvcp.QTVCP.WIDGETS.DIALOG_WIDGET - DEBUG - Button pressed is: &Yes
2025-02-28 15:19:10,544 - QTvcp.QTVCP.WIDGETS.DIALOGMIXIN - DEBUG - Saving LncMessage-geometry data from widget  to file.
2025-02-28 15:19:10,703 - QTvcp.QTVCP.WIDGETS.DIALOG_WIDGET - DEBUG - Value of pressed button: 16384
2025-02-28 15:19:10,704 - QTvcp.QTVCP.QT_MAKEGUI - DEBUG - Calling handler file Closing_cleanup__ function of <qtvcp.qt_makegui.VCPWindow object at 0x7fd2b8716ef0>.
2025-02-28 15:19:10,722 - QTvcp - DEBUG - Status shutdown
2025-02-28 15:19:10,723 - QTvcp.QTVCP.QT_MAKEGUI - DEBUG - Qsettings sync called:
2025-02-28 15:19:10,723 - QTvcp.QTVCP.QT_MAKEGUI - DEBUG - Calling handler file Closing_cleanup__ function of <qtvcp.qt_makegui.VCPWindow object at 0x7fd2b8716ef0>.
2025-02-28 15:19:10,731 - QTvcp.QTVCP.QT_MAKEPINS - DEBUG - Saving Main Window geometry to preference file.
2025-02-28 15:19:10,732 - QTvcp.QTVCP.QT_MAKEPINS - DEBUG - Calling widget's _hal_cleanup functions.
2025-02-28 15:19:10,733 - QTvcp.QTVCP.WIDGETS.ORIGIN_OFFSETVIEW - DEBUG - Saving __dialogOffsetViewWidget data to file.
2025-02-28 15:19:10,736 - QTvcp.QTVCP.WIDGETS.ORIGIN_OFFSETVIEW - DEBUG - Saving __dialogOffsetViewWidget data to file.
2025-02-28 15:19:10,738 - QTvcp.QTVCP.WIDGETS.ORIGIN_OFFSETVIEW - DEBUG - Saving __dialogOffsetViewWidget data to file.
2025-02-28 15:19:10,747 - QTvcp.QTVCP.WIDGETS.ORIGIN_OFFSETVIEW - DEBUG - Saving offset_table data to file.
2025-02-28 15:19:10,755 - QTvcp.QTVCP.WIDGETS.GCODE_GRAPHICS - DEBUG - Saving gcodegraphics data to file.
2025-02-28 15:19:10,783 - QTvcp.QTVCP.WIDGETS.BASIC_PROBE - DEBUG - Saving Basic Probe data to preference file.
2025-02-28 15:19:10,789 - QTvcp - DEBUG - Exiting HAL
